<?xml version="1.0" encoding="UTF-8"?>
<!-- Generated by org.testng.reporters.JUnitReportReporter -->
<testsuite hostname="DESKTOP-BUPAC1Q" failures="0" tests="1" name="driverFactory.DriverScript" time="39.005" errors="0" timestamp="4 Mar 2023 12:59:35 GMT">
  <testcase classname="driverFactory.DriverScript" name="startTest" time="39.005"/>
</testsuite> <!-- driverFactory.DriverScript -->
